{"name": "Login to OryzaErp with Multiple parameters -- @1.1 ", "status": "broken", "statusDetails": {"message": "selenium.common.exceptions.NoSuchElementException: Message: no such element: Unable to locate element: {\"method\":\"xpath\",\"selector\":\"//button[title='Home Menu']\"}\n  (Session info: chrome=120.0.6099.225); For documentation on this error, please visit: https://www.selenium.dev/documentation/webdriver/troubleshooting/errors#no-such-element-exception\nStacktrace:\n\tGetHandleVerifier [0x00007FF69D562142+3514994]\n\t(No symbol) [0x00007FF69D180CE2]\n\t(No symbol) [0x00007FF69D0276AA]\n\t(No symbol) [0x00007FF69D071860]\n\t(No symbol) [0x00007FF69D07197C]\n\t(No symbol) [0x00007FF69D0B4EE7]\n\t(No symbol) [0x00007FF69D09602F]\n\t(No symbol) [0x00007FF69D0B28F6]\n\t(No symbol) [0x00007FF69D095D93]\n\t(No symbol) [0x00007FF69D064BDC]\n\t(No symbol) [0x00007FF69D065C64]\n\tGetHandleVerifier [0x00007FF69D58E16B+3695259]\n\tGetHandleVerifier [0x00007FF69D5E6737+4057191]\n\tGetHandleVerifier [0x00007FF69D5DE4E3+4023827]\n\tGetHandleVerifier [0x00007FF69D2B04F9+689705]\n\t(No symbol) [0x00007FF69D18C048]\n\t(No symbol) [0x00007FF69D188044]\n\t(No symbol) [0x00007FF69D1881C9]\n\t(No symbol) [0x00007FF69D1788C4]\n\tBaseThreadInitThunk [0x00007FFAB95C257D+29]\n\tRtlUserThreadStart [0x00007FFABAD8AA58+40]\n\n", "trace": "  File \"C:\\Users\\Oryza-JSC\\PycharmProjects\\behaveProject\\venv\\lib\\site-packages\\behave\\model.py\", line 1329, in run\n    match.run(runner.context)\n  File \"C:\\Users\\Oryza-JSC\\PycharmProjects\\behaveProject\\venv\\lib\\site-packages\\behave\\matchers.py\", line 98, in run\n    self.func(context, *args, **kwargs)\n  File \"features\\steps\\loginsteps.py\", line 33, in step_impl\n    homemenu = context.driver.find_element(By.XPATH, \"//button[title='Home Menu']\")\n  File \"C:\\Users\\Oryza-JSC\\PycharmProjects\\behaveProject\\venv\\lib\\site-packages\\selenium\\webdriver\\remote\\webdriver.py\", line 742, in find_element\n    return self.execute(Command.FIND_ELEMENT, {\"using\": by, \"value\": value})[\"value\"]\n  File \"C:\\Users\\Oryza-JSC\\PycharmProjects\\behaveProject\\venv\\lib\\site-packages\\selenium\\webdriver\\remote\\webdriver.py\", line 348, in execute\n    self.error_handler.check_response(response)\n  File \"C:\\Users\\Oryza-JSC\\PycharmProjects\\behaveProject\\venv\\lib\\site-packages\\selenium\\webdriver\\remote\\errorhandler.py\", line 229, in check_response\n    raise exception_class(message, screen, stacktrace)\n"}, "steps": [{"name": "Given I launch Chrome browser", "status": "passed", "start": 1705664850258, "stop": 1705664851609}, {"name": "When I open OrangeHRM homepage", "status": "passed", "start": 1705664851609, "stop": 1705664851858}, {"name": "And I enter the username \"admin\" and password \"admin\"", "status": "passed", "start": 1705664851858, "stop": 1705664851959}, {"name": "And I click on the login button", "status": "passed", "start": 1705664851959, "stop": 1705664854236}, {"name": "Then User must be successfully login to the Dashboard page", "status": "broken", "statusDetails": {"message": "selenium.common.exceptions.NoSuchElementException: Message: no such element: Unable to locate element: {\"method\":\"xpath\",\"selector\":\"//button[title='Home Menu']\"}\n  (Session info: chrome=120.0.6099.225); For documentation on this error, please visit: https://www.selenium.dev/documentation/webdriver/troubleshooting/errors#no-such-element-exception\nStacktrace:\n\tGetHandleVerifier [0x00007FF69D562142+3514994]\n\t(No symbol) [0x00007FF69D180CE2]\n\t(No symbol) [0x00007FF69D0276AA]\n\t(No symbol) [0x00007FF69D071860]\n\t(No symbol) [0x00007FF69D07197C]\n\t(No symbol) [0x00007FF69D0B4EE7]\n\t(No symbol) [0x00007FF69D09602F]\n\t(No symbol) [0x00007FF69D0B28F6]\n\t(No symbol) [0x00007FF69D095D93]\n\t(No symbol) [0x00007FF69D064BDC]\n\t(No symbol) [0x00007FF69D065C64]\n\tGetHandleVerifier [0x00007FF69D58E16B+3695259]\n\tGetHandleVerifier [0x00007FF69D5E6737+4057191]\n\tGetHandleVerifier [0x00007FF69D5DE4E3+4023827]\n\tGetHandleVerifier [0x00007FF69D2B04F9+689705]\n\t(No symbol) [0x00007FF69D18C048]\n\t(No symbol) [0x00007FF69D188044]\n\t(No symbol) [0x00007FF69D1881C9]\n\t(No symbol) [0x00007FF69D1788C4]\n\tBaseThreadInitThunk [0x00007FFAB95C257D+29]\n\tRtlUserThreadStart [0x00007FFABAD8AA58+40]\n\n", "trace": "  File \"C:\\Users\\Oryza-JSC\\PycharmProjects\\behaveProject\\venv\\lib\\site-packages\\behave\\model.py\", line 1329, in run\n    match.run(runner.context)\n  File \"C:\\Users\\Oryza-JSC\\PycharmProjects\\behaveProject\\venv\\lib\\site-packages\\behave\\matchers.py\", line 98, in run\n    self.func(context, *args, **kwargs)\n  File \"features\\steps\\loginsteps.py\", line 33, in step_impl\n    homemenu = context.driver.find_element(By.XPATH, \"//button[title='Home Menu']\")\n  File \"C:\\Users\\Oryza-JSC\\PycharmProjects\\behaveProject\\venv\\lib\\site-packages\\selenium\\webdriver\\remote\\webdriver.py\", line 742, in find_element\n    return self.execute(Command.FIND_ELEMENT, {\"using\": by, \"value\": value})[\"value\"]\n  File \"C:\\Users\\Oryza-JSC\\PycharmProjects\\behaveProject\\venv\\lib\\site-packages\\selenium\\webdriver\\remote\\webdriver.py\", line 348, in execute\n    self.error_handler.check_response(response)\n  File \"C:\\Users\\Oryza-JSC\\PycharmProjects\\behaveProject\\venv\\lib\\site-packages\\selenium\\webdriver\\remote\\errorhandler.py\", line 229, in check_response\n    raise exception_class(message, screen, stacktrace)\n"}, "start": 1705664854236, "stop": 1705664854368}, {"name": "And I capture the screenshot", "status": "skipped", "start": 1705664854368, "stop": 1705664854368}], "parameters": [{"name": "username", "value": "admin"}, {"name": "password", "value": "admin"}], "start": 1705664850257, "stop": 1705664854368, "uuid": "e85bd28d-a6af-484a-935c-85fd2e18abf9", "historyId": "7dec6b6416b1c9754cc59af940c19c18", "fullName": "OryzaErp Login: Login to OryzaErp with Multiple parameters", "labels": [{"name": "severity", "value": "normal"}, {"name": "feature", "value": "OryzaErp Login"}, {"name": "framework", "value": "behave"}, {"name": "language", "value": "cpython3"}]}